emabol-twa/app/build/intermediates/manifest_merge_blame_file/release/processReleaseMainManifest/manifest-merger-blame-release-report.txt
1<?xml version="1.0" encoding="utf-8"?>
2<!--
3    Copyright 2019 Google Inc. All Rights Reserved.
4
5     Licensed under the Apache License, Version 2.0 (the "License");
6     you may not use this file except in compliance with the License.
7     You may obtain a copy of the License at
8
9         http://www.apache.org/licenses/LICENSE-2.0
10
11     Unless required by applicable law or agreed to in writing, software
12     distributed under the License is distributed on an "AS IS" BASIS,
13     WITHOUT WARRANTIES OR CONDITIONS OF ANY KIND, either express or implied.
14     See the License for the specific language governing permissions and
15     limitations under the License.
16-->
17<!--
18 The "package" attribute is rewritten by the Gradle build with the value of applicationId.
19     It is still required here, as it is used to derive paths, for instance when referring
20     to an Activity by ".MyActivity" instead of the full name. If more Activities are added to the
21     application, the package attribute will need to reflect the correct path in order to use
22     the abbreviated format.
23-->
24<manifest xmlns:android="http://schemas.android.com/apk/res/android"
25    package="com.emabolchamp.twa"
26    android:versionCode="3"
27    android:versionName="3" >
28
29    <uses-sdk
30        android:minSdkVersion="21"
31        android:targetSdkVersion="35" />
32
33    <uses-permission android:name="android.permission.POST_NOTIFICATIONS" />
33-->src\main\AndroidManifest.xml:25:9-80
33-->src\main\AndroidManifest.xml:25:26-78
34
35    <queries>
35-->[com.google.androidbrowserhelper:androidbrowserhelper:2.6.2] AndroidManifest.xml:22:5-30:15
36        <intent>
36-->[com.google.androidbrowserhelper:androidbrowserhelper:2.6.2] AndroidManifest.xml:23:9-29:18
37            <action android:name="android.intent.action.VIEW" />
37-->src\main\AndroidManifest.xml:150:17-68
37-->src\main\AndroidManifest.xml:150:25-66
38
39            <category android:name="android.intent.category.BROWSABLE" />
39-->src\main\AndroidManifest.xml:152:17-77
39-->src\main\AndroidManifest.xml:152:27-75
40
41            <data android:scheme="https" />
41-->src\main\AndroidManifest.xml:153:17-158:19
41-->src\main\AndroidManifest.xml:153:23-45
42        </intent>
43    </queries>
44
45    <permission
45-->[androidx.core:core:1.13.0] AndroidManifest.xml:22:5-24:47
46        android:name="com.emabolchamp.twa.DYNAMIC_RECEIVER_NOT_EXPORTED_PERMISSION"
46-->[androidx.core:core:1.13.0] AndroidManifest.xml:23:9-81
47        android:protectionLevel="signature" />
47-->[androidx.core:core:1.13.0] AndroidManifest.xml:24:9-44
48
49    <uses-permission android:name="com.emabolchamp.twa.DYNAMIC_RECEIVER_NOT_EXPORTED_PERMISSION" />
49-->[androidx.core:core:1.13.0] AndroidManifest.xml:26:5-97
49-->[androidx.core:core:1.13.0] AndroidManifest.xml:26:22-94
50
51    <application
51-->src\main\AndroidManifest.xml:34:5-203:19
52        android:name="com.emabolchamp.twa.Application"
52-->src\main\AndroidManifest.xml:35:9-35
53        android:allowBackup="true"
53-->src\main\AndroidManifest.xml:36:9-35
54        android:appComponentFactory="androidx.core.app.CoreComponentFactory"
54-->[androidx.core:core:1.13.0] AndroidManifest.xml:28:18-86
55        android:extractNativeLibs="true"
56        android:icon="@mipmap/ic_launcher"
56-->src\main\AndroidManifest.xml:37:9-43
57        android:label="@string/appName"
57-->src\main\AndroidManifest.xml:38:9-40
58        android:manageSpaceActivity="com.google.androidbrowserhelper.trusted.ManageDataLauncherActivity"
58-->src\main\AndroidManifest.xml:40:9-105
59        android:supportsRtl="true"
59-->src\main\AndroidManifest.xml:42:9-35
60        android:theme="@android:style/Theme.Translucent.NoTitleBar" >
60-->src\main\AndroidManifest.xml:43:9-68
61        <meta-data
61-->src\main\AndroidManifest.xml:45:9-47:58
62            android:name="asset_statements"
62-->src\main\AndroidManifest.xml:46:13-44
63            android:resource="@string/assetStatements" />
63-->src\main\AndroidManifest.xml:47:13-55
64        <meta-data
64-->src\main\AndroidManifest.xml:50:13-52:58
65            android:name="web_manifest_url"
65-->src\main\AndroidManifest.xml:51:17-48
66            android:value="@string/webManifestUrl" />
66-->src\main\AndroidManifest.xml:52:17-55
67        <meta-data
67-->src\main\AndroidManifest.xml:55:9-57:52
68            android:name="twa_generator"
68-->src\main\AndroidManifest.xml:56:13-41
69            android:value="@string/generatorApp" />
69-->src\main\AndroidManifest.xml:57:13-49
70
71        <activity
71-->src\main\AndroidManifest.xml:64:13-75:24
72            android:name="com.google.androidbrowserhelper.trusted.ManageDataLauncherActivity"
72-->src\main\AndroidManifest.xml:64:23-104
73            android:enabled="true"
73-->src\main\AndroidManifest.xml:66:17-39
74            android:excludeFromRecents="true"
74-->src\main\AndroidManifest.xml:67:17-50
75            android:exported="false" >
75-->src\main\AndroidManifest.xml:65:17-41
76            <meta-data
76-->src\main\AndroidManifest.xml:68:17-70:57
77                android:name="android.support.customtabs.trusted.MANAGE_SPACE_URL"
77-->src\main\AndroidManifest.xml:69:21-87
78                android:value="@string/launchUrl" />
78-->src\main\AndroidManifest.xml:70:21-54
79
80            <intent-filter>
80-->src\main\AndroidManifest.xml:71:17-74:33
81                <action android:name="android.intent.action.APPLICATION_PREFERENCES" />
81-->src\main\AndroidManifest.xml:72:21-92
81-->src\main\AndroidManifest.xml:72:29-89
82
83                <category android:name="android.intent.category.DEFAULT" />
83-->src\main\AndroidManifest.xml:73:21-80
83-->src\main\AndroidManifest.xml:73:31-77
84            </intent-filter>
85        </activity>
86        <activity
86-->src\main\AndroidManifest.xml:78:9-164:20
87            android:name="com.emabolchamp.twa.LauncherActivity"
87-->src\main\AndroidManifest.xml:78:19-50
88            android:alwaysRetainTaskState="true"
88-->src\main\AndroidManifest.xml:79:13-49
89            android:exported="true"
89-->src\main\AndroidManifest.xml:81:13-36
90            android:label="@string/launcherName" >
90-->src\main\AndroidManifest.xml:80:13-49
91            <meta-data
91-->src\main\AndroidManifest.xml:82:13-83:53
92                android:name="android.support.customtabs.trusted.DEFAULT_URL"
92-->src\main\AndroidManifest.xml:82:24-85
93                android:value="@string/launchUrl" />
93-->src\main\AndroidManifest.xml:83:17-50
94            <meta-data
94-->src\main\AndroidManifest.xml:85:13-87:58
95                android:name="android.support.customtabs.trusted.STATUS_BAR_COLOR"
95-->src\main\AndroidManifest.xml:86:17-83
96                android:resource="@color/colorPrimary" />
96-->src\main\AndroidManifest.xml:87:17-55
97            <meta-data
97-->src\main\AndroidManifest.xml:91:13-93:62
98                android:name="android.support.customtabs.trusted.STATUS_BAR_COLOR_DARK"
98-->src\main\AndroidManifest.xml:92:17-88
99                android:resource="@color/colorPrimaryDark" />
99-->src\main\AndroidManifest.xml:93:17-59
100            <meta-data
100-->src\main\AndroidManifest.xml:95:13-97:61
101                android:name="android.support.customtabs.trusted.NAVIGATION_BAR_COLOR"
101-->src\main\AndroidManifest.xml:96:17-87
102                android:resource="@color/navigationColor" />
102-->src\main\AndroidManifest.xml:97:17-58
103            <meta-data
103-->src\main\AndroidManifest.xml:99:13-101:65
104                android:name="android.support.customtabs.trusted.NAVIGATION_BAR_COLOR_DARK"
104-->src\main\AndroidManifest.xml:100:17-92
105                android:resource="@color/navigationColorDark" />
105-->src\main\AndroidManifest.xml:101:17-62
106            <meta-data
106-->src\main\AndroidManifest.xml:103:13-105:68
107                android:name="androix.browser.trusted.NAVIGATION_BAR_DIVIDER_COLOR"
107-->src\main\AndroidManifest.xml:104:17-84
108                android:resource="@color/navigationDividerColor" />
108-->src\main\AndroidManifest.xml:105:17-65
109            <meta-data
109-->src\main\AndroidManifest.xml:107:13-109:72
110                android:name="androix.browser.trusted.NAVIGATION_BAR_DIVIDER_COLOR_DARK"
110-->src\main\AndroidManifest.xml:108:17-89
111                android:resource="@color/navigationDividerColorDark" />
111-->src\main\AndroidManifest.xml:109:17-69
112            <meta-data
112-->src\main\AndroidManifest.xml:111:13-112:54
113                android:name="android.support.customtabs.trusted.SPLASH_IMAGE_DRAWABLE"
113-->src\main\AndroidManifest.xml:111:24-95
114                android:resource="@drawable/splash" />
114-->src\main\AndroidManifest.xml:112:17-52
115            <meta-data
115-->src\main\AndroidManifest.xml:114:13-115:60
116                android:name="android.support.customtabs.trusted.SPLASH_SCREEN_BACKGROUND_COLOR"
116-->src\main\AndroidManifest.xml:114:24-104
117                android:resource="@color/backgroundColor" />
117-->src\main\AndroidManifest.xml:115:17-58
118            <meta-data
118-->src\main\AndroidManifest.xml:117:13-118:71
119                android:name="android.support.customtabs.trusted.SPLASH_SCREEN_FADE_OUT_DURATION"
119-->src\main\AndroidManifest.xml:117:24-105
120                android:value="@integer/splashScreenFadeOutDuration" />
120-->src\main\AndroidManifest.xml:118:17-69
121            <meta-data
121-->src\main\AndroidManifest.xml:120:13-121:60
122                android:name="android.support.customtabs.trusted.FILE_PROVIDER_AUTHORITY"
122-->src\main\AndroidManifest.xml:120:24-97
123                android:value="@string/providerAuthority" />
123-->src\main\AndroidManifest.xml:121:17-58
124            <meta-data
124-->src\main\AndroidManifest.xml:123:13-97
125                android:name="android.app.shortcuts"
125-->src\main\AndroidManifest.xml:123:24-60
126                android:resource="@xml/shortcuts" />
126-->src\main\AndroidManifest.xml:123:61-94
127            <meta-data
127-->src\main\AndroidManifest.xml:125:13-126:56
128                android:name="android.support.customtabs.trusted.FALLBACK_STRATEGY"
128-->src\main\AndroidManifest.xml:125:24-91
129                android:value="@string/fallbackType" />
129-->src\main\AndroidManifest.xml:126:17-53
130            <meta-data
130-->src\main\AndroidManifest.xml:131:13-132:45
131                android:name="android.support.customtabs.trusted.DISPLAY_MODE"
131-->src\main\AndroidManifest.xml:131:24-86
132                android:value="immersive" />
132-->src\main\AndroidManifest.xml:132:17-42
133            <meta-data
133-->src\main\AndroidManifest.xml:135:13-136:54
134                android:name="android.support.customtabs.trusted.SCREEN_ORIENTATION"
134-->src\main\AndroidManifest.xml:135:24-92
135                android:value="@string/orientation" />
135-->src\main\AndroidManifest.xml:136:17-52
136
137            <intent-filter>
137-->src\main\AndroidManifest.xml:144:13-147:29
138                <action android:name="android.intent.action.MAIN" />
138-->src\main\AndroidManifest.xml:145:17-69
138-->src\main\AndroidManifest.xml:145:25-66
139
140                <category android:name="android.intent.category.LAUNCHER" />
140-->src\main\AndroidManifest.xml:146:17-77
140-->src\main\AndroidManifest.xml:146:27-74
141            </intent-filter>
142            <intent-filter android:autoVerify="true" >
142-->src\main\AndroidManifest.xml:149:13-159:29
142-->src\main\AndroidManifest.xml:149:28-53
143                <action android:name="android.intent.action.VIEW" />
143-->src\main\AndroidManifest.xml:150:17-68
143-->src\main\AndroidManifest.xml:150:25-66
144
145                <category android:name="android.intent.category.DEFAULT" />
145-->src\main\AndroidManifest.xml:73:21-80
145-->src\main\AndroidManifest.xml:73:31-77
146                <category android:name="android.intent.category.BROWSABLE" />
146-->src\main\AndroidManifest.xml:152:17-77
146-->src\main\AndroidManifest.xml:152:27-75
147
148                <data
148-->src\main\AndroidManifest.xml:153:17-158:19
149                    android:host="@string/hostName"
149-->src\main\AndroidManifest.xml:154:21-52
150                    android:pathPrefix="/Emabol-Champ/"
150-->src\main\AndroidManifest.xml:156:21-56
151                    android:scheme="https" />
151-->src\main\AndroidManifest.xml:153:23-45
152            </intent-filter>
153        </activity>
154        <activity android:name="com.google.androidbrowserhelper.trusted.FocusActivity" />
154-->src\main\AndroidManifest.xml:166:9-90
154-->src\main\AndroidManifest.xml:166:19-87
155        <activity
155-->src\main\AndroidManifest.xml:168:9-169:62
156            android:name="com.google.androidbrowserhelper.trusted.WebViewFallbackActivity"
156-->src\main\AndroidManifest.xml:168:19-97
157            android:configChanges="orientation|screenSize" />
157-->src\main\AndroidManifest.xml:169:13-59
158
159        <provider
159-->src\main\AndroidManifest.xml:171:9-179:20
160            android:name="androidx.core.content.FileProvider"
160-->src\main\AndroidManifest.xml:172:13-62
161            android:authorities="@string/providerAuthority"
161-->src\main\AndroidManifest.xml:173:13-60
162            android:exported="false"
162-->src\main\AndroidManifest.xml:175:13-37
163            android:grantUriPermissions="true" >
163-->src\main\AndroidManifest.xml:174:13-47
164            <meta-data
164-->src\main\AndroidManifest.xml:176:13-178:53
165                android:name="android.support.FILE_PROVIDER_PATHS"
165-->src\main\AndroidManifest.xml:177:17-67
166                android:resource="@xml/filepaths" />
166-->src\main\AndroidManifest.xml:178:17-50
167        </provider>
168
169        <service
169-->src\main\AndroidManifest.xml:181:9-196:19
170            android:name="com.emabolchamp.twa.DelegationService"
170-->src\main\AndroidManifest.xml:182:13-46
171            android:enabled="@bool/enableNotification"
171-->src\main\AndroidManifest.xml:183:13-55
172            android:exported="@bool/enableNotification" >
172-->src\main\AndroidManifest.xml:184:13-56
173            <meta-data
173-->src\main\AndroidManifest.xml:187:17-189:73
174                android:name="android.support.customtabs.trusted.SMALL_ICON"
174-->src\main\AndroidManifest.xml:188:21-81
175                android:resource="@drawable/ic_notification_icon" />
175-->src\main\AndroidManifest.xml:189:21-70
176
177            <intent-filter>
177-->src\main\AndroidManifest.xml:192:13-195:29
178                <action android:name="android.support.customtabs.trusted.TRUSTED_WEB_ACTIVITY_SERVICE" />
178-->src\main\AndroidManifest.xml:193:17-105
178-->src\main\AndroidManifest.xml:193:25-103
179
180                <category android:name="android.intent.category.DEFAULT" />
180-->src\main\AndroidManifest.xml:73:21-80
180-->src\main\AndroidManifest.xml:73:31-77
181            </intent-filter>
182        </service>
183
184        <activity android:name="com.google.androidbrowserhelper.trusted.NotificationPermissionRequestActivity" />
184-->src\main\AndroidManifest.xml:199:13-118
184-->src\main\AndroidManifest.xml:199:23-115
185
186        <provider
186-->[androidx.emoji2:emoji2:1.3.0] AndroidManifest.xml:24:9-32:20
187            android:name="androidx.startup.InitializationProvider"
187-->[androidx.emoji2:emoji2:1.3.0] AndroidManifest.xml:25:13-67
188            android:authorities="com.emabolchamp.twa.androidx-startup"
188-->[androidx.emoji2:emoji2:1.3.0] AndroidManifest.xml:26:13-68
189            android:exported="false" >
189-->[androidx.emoji2:emoji2:1.3.0] AndroidManifest.xml:27:13-37
190            <meta-data
190-->[androidx.emoji2:emoji2:1.3.0] AndroidManifest.xml:29:13-31:52
191                android:name="androidx.emoji2.text.EmojiCompatInitializer"
191-->[androidx.emoji2:emoji2:1.3.0] AndroidManifest.xml:30:17-75
192                android:value="androidx.startup" />
192-->[androidx.emoji2:emoji2:1.3.0] AndroidManifest.xml:31:17-49
193            <meta-data
193-->[androidx.lifecycle:lifecycle-process:2.6.2] AndroidManifest.xml:29:13-31:52
194                android:name="androidx.lifecycle.ProcessLifecycleInitializer"
194-->[androidx.lifecycle:lifecycle-process:2.6.2] AndroidManifest.xml:30:17-78
195                android:value="androidx.startup" />
195-->[androidx.lifecycle:lifecycle-process:2.6.2] AndroidManifest.xml:31:17-49
196            <meta-data
196-->[androidx.profileinstaller:profileinstaller:1.3.1] AndroidManifest.xml:29:13-31:52
197                android:name="androidx.profileinstaller.ProfileInstallerInitializer"
197-->[androidx.profileinstaller:profileinstaller:1.3.1] AndroidManifest.xml:30:17-85
198                android:value="androidx.startup" />
198-->[androidx.profileinstaller:profileinstaller:1.3.1] AndroidManifest.xml:31:17-49
199        </provider>
200
201        <receiver
201-->[androidx.profileinstaller:profileinstaller:1.3.1] AndroidManifest.xml:34:9-52:20
202            android:name="androidx.profileinstaller.ProfileInstallReceiver"
202-->[androidx.profileinstaller:profileinstaller:1.3.1] AndroidManifest.xml:35:13-76
203            android:directBootAware="false"
203-->[androidx.profileinstaller:profileinstaller:1.3.1] AndroidManifest.xml:36:13-44
204            android:enabled="true"
204-->[androidx.profileinstaller:profileinstaller:1.3.1] AndroidManifest.xml:37:13-35
205            android:exported="true"
205-->[androidx.profileinstaller:profileinstaller:1.3.1] AndroidManifest.xml:38:13-36
206            android:permission="android.permission.DUMP" >
206-->[androidx.profileinstaller:profileinstaller:1.3.1] AndroidManifest.xml:39:13-57
207            <intent-filter>
207-->[androidx.profileinstaller:profileinstaller:1.3.1] AndroidManifest.xml:40:13-42:29
208                <action android:name="androidx.profileinstaller.action.INSTALL_PROFILE" />
208-->[androidx.profileinstaller:profileinstaller:1.3.1] AndroidManifest.xml:41:17-91
208-->[androidx.profileinstaller:profileinstaller:1.3.1] AndroidManifest.xml:41:25-88
209            </intent-filter>
210            <intent-filter>
210-->[androidx.profileinstaller:profileinstaller:1.3.1] AndroidManifest.xml:43:13-45:29
211                <action android:name="androidx.profileinstaller.action.SKIP_FILE" />
211-->[androidx.profileinstaller:profileinstaller:1.3.1] AndroidManifest.xml:44:17-85
211-->[androidx.profileinstaller:profileinstaller:1.3.1] AndroidManifest.xml:44:25-82
212            </intent-filter>
213            <intent-filter>
213-->[androidx.profileinstaller:profileinstaller:1.3.1] AndroidManifest.xml:46:13-48:29
214                <action android:name="androidx.profileinstaller.action.SAVE_PROFILE" />
214-->[androidx.profileinstaller:profileinstaller:1.3.1] AndroidManifest.xml:47:17-88
214-->[androidx.profileinstaller:profileinstaller:1.3.1] AndroidManifest.xml:47:25-85
215            </intent-filter>
216            <intent-filter>
216-->[androidx.profileinstaller:profileinstaller:1.3.1] AndroidManifest.xml:49:13-51:29
217                <action android:name="androidx.profileinstaller.action.BENCHMARK_OPERATION" />
217-->[androidx.profileinstaller:profileinstaller:1.3.1] AndroidManifest.xml:50:17-95
217-->[androidx.profileinstaller:profileinstaller:1.3.1] AndroidManifest.xml:50:25-92
218            </intent-filter>
219        </receiver>
220    </application>
221
222</manifest>